<?xml version="1.0" encoding="UTF-8"?>
<testng-results skipped="0" failed="0" ignored="0" total="1" passed="1">
  <reporter-output>
  </reporter-output>
  <suite name="Default suite" duration-ms="17687" started-at="2020-03-10T17:36:58Z" finished-at="2020-03-10T17:37:15Z">
    <groups>
    </groups>
    <test name="Default test" duration-ms="17687" started-at="2020-03-10T17:36:58Z" finished-at="2020-03-10T17:37:15Z">
      <class name="BookFlight.BookFlights">
        <test-method status="PASS" signature="bookFlight()[pri:0, instance:BookFlight.BookFlights@cdbdf5]" name="bookFlight" duration-ms="17629" started-at="2020-03-10T17:36:58Z" finished-at="2020-03-10T17:37:15Z">
          <reporter-output>
          </reporter-output>
        </test-method> <!-- bookFlight -->
      </class> <!-- BookFlight.BookFlights -->
    </test> <!-- Default test -->
  </suite> <!-- Default suite -->
</testng-results>
